0 info it worked if it ends with ok
1 verbose cli [ 'node', '/usr/local/bin/npm', 'start' ]
2 info using npm@1.4.28
3 info using node@v0.10.32
4 verbose run-script [ 'prestart', 'start', 'poststart' ]
5 info prestart fritter@0.0.0
6 info start fritter@0.0.0
7 verbose unsafe-perm in lifecycle true
8 info fritter@0.0.0 Failed to exec start script
9 error fritter@0.0.0 start: `node ./bin/www`
9 error Exit status 8
10 error Failed at the fritter@0.0.0 start script.
10 error This is most likely a problem with the fritter package,
10 error not with npm itself.
10 error Tell the author that this fails on your system:
10 error     node ./bin/www
10 error You can get their info via:
10 error     npm owner ls fritter
10 error There is likely additional logging output above.
11 error System Darwin 13.3.0
12 error command "node" "/usr/local/bin/npm" "start"
13 error cwd /Users/saadiyah/Desktop/Fall 2014/mit 6.170 homework/saadiyah_proj2/fritter
14 error node -v v0.10.32
15 error npm -v 1.4.28
16 error code ELIFECYCLE
17 verbose exit [ 1, true ]
